d:\cpp_study\source\buckland_chapter3-steering behaviors\debug\steering.bsc
d:\cpp_study\source\buckland_chapter3-steering behaviors\debug\vc143.pdb
d:\cpp_study\source\buckland_chapter3-steering behaviors\debug\vc143.idb
d:\cpp_study\source\buckland_chapter3-steering behaviors\debug\windowutils.sbr
d:\cpp_study\source\buckland_chapter3-steering behaviors\debug\vector2d.sbr
d:\cpp_study\source\buckland_chapter3-steering behaviors\debug\precisiontimer.sbr
d:\cpp_study\source\buckland_chapter3-steering behaviors\debug\path.sbr
d:\cpp_study\source\buckland_chapter3-steering behaviors\debug\paramloader.sbr
d:\cpp_study\source\buckland_chapter3-steering behaviors\debug\obstacle.sbr
d:\cpp_study\source\buckland_chapter3-steering behaviors\debug\inifileloaderbase.sbr
d:\cpp_study\source\buckland_chapter3-steering behaviors\debug\cgdi.sbr
d:\cpp_study\source\buckland_chapter3-steering behaviors\debug\vehicle.sbr
d:\cpp_study\source\buckland_chapter3-steering behaviors\debug\steeringbehaviors.sbr
d:\cpp_study\source\buckland_chapter3-steering behaviors\debug\main.sbr
d:\cpp_study\source\buckland_chapter3-steering behaviors\debug\gameworld.sbr
d:\cpp_study\source\buckland_chapter3-steering behaviors\debug\gameworld.obj
d:\cpp_study\source\buckland_chapter3-steering behaviors\debug\main.obj
d:\cpp_study\source\buckland_chapter3-steering behaviors\debug\steeringbehaviors.obj
d:\cpp_study\source\buckland_chapter3-steering behaviors\debug\vehicle.obj
d:\cpp_study\source\buckland_chapter3-steering behaviors\debug\cgdi.obj
d:\cpp_study\source\buckland_chapter3-steering behaviors\debug\inifileloaderbase.obj
d:\cpp_study\source\buckland_chapter3-steering behaviors\debug\obstacle.obj
d:\cpp_study\source\buckland_chapter3-steering behaviors\debug\paramloader.obj
d:\cpp_study\source\buckland_chapter3-steering behaviors\debug\path.obj
d:\cpp_study\source\buckland_chapter3-steering behaviors\debug\precisiontimer.obj
d:\cpp_study\source\buckland_chapter3-steering behaviors\debug\vector2d.obj
d:\cpp_study\source\buckland_chapter3-steering behaviors\debug\windowutils.obj
d:\cpp_study\source\buckland_chapter3-steering behaviors\debug\steering.ilk
d:\cpp_study\source\buckland_chapter3-steering behaviors\debug\steering.exe
d:\cpp_study\source\buckland_chapter3-steering behaviors\debug\steering.pdb
d:\cpp_study\source\buckland_chapter3-steering behaviors\debug\script1.res
d:\cpp_study\source\buckland_chapter3-steering behaviors\debug\steering.tlog\bscmake.command.1.tlog
d:\cpp_study\source\buckland_chapter3-steering behaviors\debug\steering.tlog\bscmake.read.1.tlog
d:\cpp_study\source\buckland_chapter3-steering behaviors\debug\steering.tlog\bscmake.write.1.tlog
d:\cpp_study\source\buckland_chapter3-steering behaviors\debug\steering.tlog\cl.command.1.tlog
d:\cpp_study\source\buckland_chapter3-steering behaviors\debug\steering.tlog\cl.read.1.tlog
d:\cpp_study\source\buckland_chapter3-steering behaviors\debug\steering.tlog\cl.write.1.tlog
d:\cpp_study\source\buckland_chapter3-steering behaviors\debug\steering.tlog\link.command.1.tlog
d:\cpp_study\source\buckland_chapter3-steering behaviors\debug\steering.tlog\link.read.1.tlog
d:\cpp_study\source\buckland_chapter3-steering behaviors\debug\steering.tlog\link.write.1.tlog
d:\cpp_study\source\buckland_chapter3-steering behaviors\debug\steering.tlog\rc.command.1.tlog
d:\cpp_study\source\buckland_chapter3-steering behaviors\debug\steering.tlog\rc.read.1.tlog
d:\cpp_study\source\buckland_chapter3-steering behaviors\debug\steering.tlog\rc.write.1.tlog
