c:\users\user\github\cpp_study\source\buckland_chapter7 to 10_raven\debug\vc143.pdb
c:\users\user\github\cpp_study\source\buckland_chapter7 to 10_raven\debug\windowutils.sbr
c:\users\user\github\cpp_study\source\buckland_chapter7 to 10_raven\debug\vector2d.sbr
c:\users\user\github\cpp_study\source\buckland_chapter7 to 10_raven\debug\precisiontimer.sbr
c:\users\user\github\cpp_study\source\buckland_chapter7 to 10_raven\debug\framecounter.sbr
c:\users\user\github\cpp_study\source\buckland_chapter7 to 10_raven\debug\debugconsole.sbr
c:\users\user\github\cpp_study\source\buckland_chapter7 to 10_raven\debug\crudetimer.sbr
c:\users\user\github\cpp_study\source\buckland_chapter7 to 10_raven\debug\cgdi.sbr
c:\users\user\github\cpp_study\source\buckland_chapter7 to 10_raven\debug\raven_targetingsystem.sbr
c:\users\user\github\cpp_study\source\buckland_chapter7 to 10_raven\debug\raven_sensorymemory.sbr
c:\users\user\github\cpp_study\source\buckland_chapter7 to 10_raven\debug\messagedispatcher.sbr
c:\users\user\github\cpp_study\source\buckland_chapter7 to 10_raven\debug\fuzzyset_triangle.sbr
c:\users\user\github\cpp_study\source\buckland_chapter7 to 10_raven\debug\fuzzyset_singleton.sbr
c:\users\user\github\cpp_study\source\buckland_chapter7 to 10_raven\debug\fuzzyset_rightshoulder.sbr
c:\users\user\github\cpp_study\source\buckland_chapter7 to 10_raven\debug\fuzzyset_leftshoulder.sbr
c:\users\user\github\cpp_study\source\buckland_chapter7 to 10_raven\debug\fuzzyset_leftshoulder.obj
c:\users\user\github\cpp_study\source\buckland_chapter7 to 10_raven\debug\fuzzyset_leftshoulder.asm
c:\users\user\github\cpp_study\source\buckland_chapter7 to 10_raven\debug\fuzzyset_rightshoulder.obj
c:\users\user\github\cpp_study\source\buckland_chapter7 to 10_raven\debug\fuzzyset_rightshoulder.asm
c:\users\user\github\cpp_study\source\buckland_chapter7 to 10_raven\debug\fuzzyset_singleton.obj
c:\users\user\github\cpp_study\source\buckland_chapter7 to 10_raven\debug\fuzzyset_singleton.asm
c:\users\user\github\cpp_study\source\buckland_chapter7 to 10_raven\debug\fuzzyset_triangle.obj
c:\users\user\github\cpp_study\source\buckland_chapter7 to 10_raven\debug\fuzzyset_triangle.asm
c:\users\user\github\cpp_study\source\buckland_chapter7 to 10_raven\debug\messagedispatcher.obj
c:\users\user\github\cpp_study\source\buckland_chapter7 to 10_raven\debug\messagedispatcher.asm
c:\users\user\github\cpp_study\source\buckland_chapter7 to 10_raven\debug\raven_sensorymemory.obj
c:\users\user\github\cpp_study\source\buckland_chapter7 to 10_raven\debug\raven_sensorymemory.asm
c:\users\user\github\cpp_study\source\buckland_chapter7 to 10_raven\debug\raven_targetingsystem.obj
c:\users\user\github\cpp_study\source\buckland_chapter7 to 10_raven\debug\raven_targetingsystem.asm
c:\users\user\github\cpp_study\source\buckland_chapter7 to 10_raven\debug\cgdi.obj
c:\users\user\github\cpp_study\source\buckland_chapter7 to 10_raven\debug\cgdi.asm
c:\users\user\github\cpp_study\source\buckland_chapter7 to 10_raven\debug\crudetimer.obj
c:\users\user\github\cpp_study\source\buckland_chapter7 to 10_raven\debug\crudetimer.asm
c:\users\user\github\cpp_study\source\buckland_chapter7 to 10_raven\debug\debugconsole.obj
c:\users\user\github\cpp_study\source\buckland_chapter7 to 10_raven\debug\debugconsole.asm
c:\users\user\github\cpp_study\source\buckland_chapter7 to 10_raven\debug\framecounter.obj
c:\users\user\github\cpp_study\source\buckland_chapter7 to 10_raven\debug\framecounter.asm
c:\users\user\github\cpp_study\source\buckland_chapter7 to 10_raven\debug\precisiontimer.obj
c:\users\user\github\cpp_study\source\buckland_chapter7 to 10_raven\debug\precisiontimer.asm
c:\users\user\github\cpp_study\source\buckland_chapter7 to 10_raven\debug\vector2d.obj
c:\users\user\github\cpp_study\source\buckland_chapter7 to 10_raven\debug\vector2d.asm
c:\users\user\github\cpp_study\source\buckland_chapter7 to 10_raven\debug\windowutils.obj
c:\users\user\github\cpp_study\source\buckland_chapter7 to 10_raven\debug\windowutils.asm
c:\users\user\github\cpp_study\source\buckland_chapter7 to 10_raven\debug\fuzzyvariable.sbr
c:\users\user\github\cpp_study\source\buckland_chapter7 to 10_raven\debug\fuzzyoperators.sbr
c:\users\user\github\cpp_study\source\buckland_chapter7 to 10_raven\debug\fuzzymodule.sbr
c:\users\user\github\cpp_study\source\buckland_chapter7 to 10_raven\debug\goal_wander.sbr
c:\users\user\github\cpp_study\source\buckland_chapter7 to 10_raven\debug\goal_seektoposition.sbr
c:\users\user\github\cpp_study\source\buckland_chapter7 to 10_raven\debug\goal_sayphrase.sbr
c:\users\user\github\cpp_study\source\buckland_chapter7 to 10_raven\debug\goal_dodgesidetoside.sbr
c:\users\user\github\cpp_study\source\buckland_chapter7 to 10_raven\debug\getweapongoal_evaluator.sbr
c:\users\user\github\cpp_study\source\buckland_chapter7 to 10_raven\debug\gethealthgoal_evaluator.sbr
c:\users\user\github\cpp_study\source\buckland_chapter7 to 10_raven\debug\attacktargetgoal_evaluator.sbr
c:\users\user\github\cpp_study\source\buckland_chapter7 to 10_raven\debug\goal_negotiatedoor.sbr
c:\users\user\github\cpp_study\source\buckland_chapter7 to 10_raven\debug\goal_movetoposition.sbr
c:\users\user\github\cpp_study\source\buckland_chapter7 to 10_raven\debug\goal_hunttarget.sbr
c:\users\user\github\cpp_study\source\buckland_chapter7 to 10_raven\debug\goal_getitem.sbr
c:\users\user\github\cpp_study\source\buckland_chapter7 to 10_raven\debug\goal_followpath.sbr
c:\users\user\github\cpp_study\source\buckland_chapter7 to 10_raven\debug\goal_explore.sbr
c:\users\user\github\cpp_study\source\buckland_chapter7 to 10_raven\debug\goal_explore.obj
c:\users\user\github\cpp_study\source\buckland_chapter7 to 10_raven\debug\goal_explore.asm
c:\users\user\github\cpp_study\source\buckland_chapter7 to 10_raven\debug\goal_followpath.obj
c:\users\user\github\cpp_study\source\buckland_chapter7 to 10_raven\debug\goal_followpath.asm
c:\users\user\github\cpp_study\source\buckland_chapter7 to 10_raven\debug\goal_getitem.obj
c:\users\user\github\cpp_study\source\buckland_chapter7 to 10_raven\debug\goal_getitem.asm
c:\users\user\github\cpp_study\source\buckland_chapter7 to 10_raven\debug\goal_hunttarget.obj
c:\users\user\github\cpp_study\source\buckland_chapter7 to 10_raven\debug\goal_hunttarget.asm
c:\users\user\github\cpp_study\source\buckland_chapter7 to 10_raven\debug\goal_movetoposition.obj
c:\users\user\github\cpp_study\source\buckland_chapter7 to 10_raven\debug\goal_movetoposition.asm
c:\users\user\github\cpp_study\source\buckland_chapter7 to 10_raven\debug\goal_negotiatedoor.obj
c:\users\user\github\cpp_study\source\buckland_chapter7 to 10_raven\debug\goal_negotiatedoor.asm
c:\users\user\github\cpp_study\source\buckland_chapter7 to 10_raven\debug\attacktargetgoal_evaluator.obj
c:\users\user\github\cpp_study\source\buckland_chapter7 to 10_raven\debug\attacktargetgoal_evaluator.asm
c:\users\user\github\cpp_study\source\buckland_chapter7 to 10_raven\debug\gethealthgoal_evaluator.obj
c:\users\user\github\cpp_study\source\buckland_chapter7 to 10_raven\debug\gethealthgoal_evaluator.asm
c:\users\user\github\cpp_study\source\buckland_chapter7 to 10_raven\debug\getweapongoal_evaluator.obj
c:\users\user\github\cpp_study\source\buckland_chapter7 to 10_raven\debug\getweapongoal_evaluator.asm
c:\users\user\github\cpp_study\source\buckland_chapter7 to 10_raven\debug\goal_dodgesidetoside.obj
c:\users\user\github\cpp_study\source\buckland_chapter7 to 10_raven\debug\goal_dodgesidetoside.asm
c:\users\user\github\cpp_study\source\buckland_chapter7 to 10_raven\debug\goal_sayphrase.obj
c:\users\user\github\cpp_study\source\buckland_chapter7 to 10_raven\debug\goal_sayphrase.asm
c:\users\user\github\cpp_study\source\buckland_chapter7 to 10_raven\debug\goal_seektoposition.obj
c:\users\user\github\cpp_study\source\buckland_chapter7 to 10_raven\debug\goal_seektoposition.asm
c:\users\user\github\cpp_study\source\buckland_chapter7 to 10_raven\debug\goal_wander.obj
c:\users\user\github\cpp_study\source\buckland_chapter7 to 10_raven\debug\goal_wander.asm
c:\users\user\github\cpp_study\source\buckland_chapter7 to 10_raven\debug\fuzzymodule.obj
c:\users\user\github\cpp_study\source\buckland_chapter7 to 10_raven\debug\fuzzymodule.asm
c:\users\user\github\cpp_study\source\buckland_chapter7 to 10_raven\debug\fuzzyoperators.obj
c:\users\user\github\cpp_study\source\buckland_chapter7 to 10_raven\debug\fuzzyoperators.asm
c:\users\user\github\cpp_study\source\buckland_chapter7 to 10_raven\debug\fuzzyvariable.obj
c:\users\user\github\cpp_study\source\buckland_chapter7 to 10_raven\debug\fuzzyvariable.asm
c:\users\user\github\cpp_study\source\buckland_chapter7 to 10_raven\debug\goal_attacktarget.sbr
c:\users\user\github\cpp_study\source\buckland_chapter7 to 10_raven\debug\raven_goal_types.sbr
c:\users\user\github\cpp_study\source\buckland_chapter7 to 10_raven\debug\raven_useroptions.sbr
c:\users\user\github\cpp_study\source\buckland_chapter7 to 10_raven\debug\raven_door.sbr
c:\users\user\github\cpp_study\source\buckland_chapter7 to 10_raven\debug\gravemarkers.sbr
c:\users\user\github\cpp_study\source\buckland_chapter7 to 10_raven\debug\entitymanager.sbr
c:\users\user\github\cpp_study\source\buckland_chapter7 to 10_raven\debug\basegameentity.sbr
c:\users\user\github\cpp_study\source\buckland_chapter7 to 10_raven\debug\raven_projectile.sbr
c:\users\user\github\cpp_study\source\buckland_chapter7 to 10_raven\debug\raven_projectile.obj
c:\users\user\github\cpp_study\source\buckland_chapter7 to 10_raven\debug\raven_projectile.asm
c:\users\user\github\cpp_study\source\buckland_chapter7 to 10_raven\debug\basegameentity.obj
c:\users\user\github\cpp_study\source\buckland_chapter7 to 10_raven\debug\basegameentity.asm
c:\users\user\github\cpp_study\source\buckland_chapter7 to 10_raven\debug\entitymanager.obj
c:\users\user\github\cpp_study\source\buckland_chapter7 to 10_raven\debug\entitymanager.asm
c:\users\user\github\cpp_study\source\buckland_chapter7 to 10_raven\debug\gravemarkers.obj
c:\users\user\github\cpp_study\source\buckland_chapter7 to 10_raven\debug\gravemarkers.asm
c:\users\user\github\cpp_study\source\buckland_chapter7 to 10_raven\debug\raven_door.obj
c:\users\user\github\cpp_study\source\buckland_chapter7 to 10_raven\debug\raven_door.asm
c:\users\user\github\cpp_study\source\buckland_chapter7 to 10_raven\debug\raven_useroptions.obj
c:\users\user\github\cpp_study\source\buckland_chapter7 to 10_raven\debug\raven_useroptions.asm
c:\users\user\github\cpp_study\source\buckland_chapter7 to 10_raven\debug\raven_goal_types.obj
c:\users\user\github\cpp_study\source\buckland_chapter7 to 10_raven\debug\raven_goal_types.asm
c:\users\user\github\cpp_study\source\buckland_chapter7 to 10_raven\debug\goal_attacktarget.obj
c:\users\user\github\cpp_study\source\buckland_chapter7 to 10_raven\debug\goal_attacktarget.asm
c:\users\user\github\cpp_study\source\buckland_chapter7 to 10_raven\debug\vc143.idb
c:\users\user\github\cpp_study\source\buckland_chapter7 to 10_raven\debug\raven.tlog\cl.command.1.tlog
c:\users\user\github\cpp_study\source\buckland_chapter7 to 10_raven\debug\raven.tlog\cl.read.1.tlog
c:\users\user\github\cpp_study\source\buckland_chapter7 to 10_raven\debug\raven.tlog\cl.write.1.tlog
